#-----------------------------------------------------------
# Vivado v2017.2 (64-bit)
# SW Build 1909853 on Thu Jun 15 18:39:09 MDT 2017
# IP Build 1909766 on Thu Jun 15 19:58:00 MDT 2017
# Start of session at: Thu Oct 19 13:17:10 2017
# Process ID: 14248
# Current directory: C:/Users/l/Desktop/6463ADVHDes/code/project_4
# Command line: vivado.exe -gui_launcher_event rodinguilauncherevent9112 C:\Users\l\Desktop\6463ADVHDes\code\project_4\project_4.xpr
# Log file: C:/Users/l/Desktop/6463ADVHDes/code/project_4/vivado.log
# Journal file: C:/Users/l/Desktop/6463ADVHDes/code/project_4\vivado.jou
#-----------------------------------------------------------
start_gui
open_project C:/Users/l/Desktop/6463ADVHDes/code/project_4/project_4.xpr
Scanning sources...
Finished scanning sources
INFO: [IP_Flow 19-234] Refreshing IP repositories
INFO: [IP_Flow 19-1704] No user IP repositories specified
INFO: [IP_Flow 19-2313] Loaded Vivado IP repository 'C:/Xilinx/Vivado/2017.2/data/ip'.
open_project: Time (s): cpu = 00:00:16 ; elapsed = 00:00:08 . Memory (MB): peak = 796.809 ; gain = 93.227
update_compile_order -fileset sources_1
exit
INFO: [Common 17-206] Exiting Vivado at Thu Oct 19 13:18:03 2017...
