
*** Running vivado
    with args -log inverse.vds -m64 -product Vivado -mode batch -messageDb vivado.pb -notrace -source inverse.tcl


****** Vivado v2017.2 (64-bit)
  **** SW Build 1909853 on Thu Jun 15 18:39:09 MDT 2017
  **** IP Build 1909766 on Thu Jun 15 19:58:00 MDT 2017
    ** Copyright 1986-2017 Xilinx, Inc. All Rights Reserved.

source inverse.tcl -notrace
Command: synth_design -top inverse -part xc7a35tcpg236-1
Starting synth_design
Attempting to get a license for feature 'Synthesis' and/or device 'xc7a35t-cpg236'
INFO: [Common 17-349] Got license for feature 'Synthesis' and/or device 'xc7a35t-cpg236'
INFO: Launching helper process for spawning children vivado processes
INFO: Helper process launched with PID 17592 
---------------------------------------------------------------------------------
Starting Synthesize : Time (s): cpu = 00:00:05 ; elapsed = 00:00:06 . Memory (MB): peak = 307.516 ; gain = 77.113
---------------------------------------------------------------------------------
INFO: [Synth 8-638] synthesizing module 'inverse' [C:/Users/l/Desktop/6463ADVHDes/code/project_4/project_4.srcs/sources_1/new/inverse.vhd:45]
WARNING: [Synth 8-614] signal 'fin' is read in the process but is not in the sensitivity list [C:/Users/l/Desktop/6463ADVHDes/code/project_4/project_4.srcs/sources_1/new/inverse.vhd:81]
WARNING: [Synth 8-614] signal 'b' is read in the process but is not in the sensitivity list [C:/Users/l/Desktop/6463ADVHDes/code/project_4/project_4.srcs/sources_1/new/inverse.vhd:81]
WARNING: [Synth 8-614] signal 'i_cnt' is read in the process but is not in the sensitivity list [C:/Users/l/Desktop/6463ADVHDes/code/project_4/project_4.srcs/sources_1/new/inverse.vhd:92]
WARNING: [Synth 8-614] signal 'a' is read in the process but is not in the sensitivity list [C:/Users/l/Desktop/6463ADVHDes/code/project_4/project_4.srcs/sources_1/new/inverse.vhd:92]
WARNING: [Synth 8-614] signal 'fin' is read in the process but is not in the sensitivity list [C:/Users/l/Desktop/6463ADVHDes/code/project_4/project_4.srcs/sources_1/new/inverse.vhd:139]
WARNING: [Synth 8-614] signal 'i_cnt' is read in the process but is not in the sensitivity list [C:/Users/l/Desktop/6463ADVHDes/code/project_4/project_4.srcs/sources_1/new/inverse.vhd:139]
WARNING: [Synth 8-614] signal 'a' is read in the process but is not in the sensitivity list [C:/Users/l/Desktop/6463ADVHDes/code/project_4/project_4.srcs/sources_1/new/inverse.vhd:139]
WARNING: [Synth 8-614] signal 'fin' is read in the process but is not in the sensitivity list [C:/Users/l/Desktop/6463ADVHDes/code/project_4/project_4.srcs/sources_1/new/inverse.vhd:184]
WARNING: [Synth 8-614] signal 'i_cnt' is read in the process but is not in the sensitivity list [C:/Users/l/Desktop/6463ADVHDes/code/project_4/project_4.srcs/sources_1/new/inverse.vhd:184]
WARNING: [Synth 8-614] signal 'a' is read in the process but is not in the sensitivity list [C:/Users/l/Desktop/6463ADVHDes/code/project_4/project_4.srcs/sources_1/new/inverse.vhd:184]
WARNING: [Synth 8-614] signal 'i_cnt' is read in the process but is not in the sensitivity list [C:/Users/l/Desktop/6463ADVHDes/code/project_4/project_4.srcs/sources_1/new/inverse.vhd:195]
WARNING: [Synth 8-614] signal 'b' is read in the process but is not in the sensitivity list [C:/Users/l/Desktop/6463ADVHDes/code/project_4/project_4.srcs/sources_1/new/inverse.vhd:195]
WARNING: [Synth 8-614] signal 'i_cnt' is read in the process but is not in the sensitivity list [C:/Users/l/Desktop/6463ADVHDes/code/project_4/project_4.srcs/sources_1/new/inverse.vhd:243]
WARNING: [Synth 8-614] signal 'fin' is read in the process but is not in the sensitivity list [C:/Users/l/Desktop/6463ADVHDes/code/project_4/project_4.srcs/sources_1/new/inverse.vhd:243]
WARNING: [Synth 8-614] signal 'b' is read in the process but is not in the sensitivity list [C:/Users/l/Desktop/6463ADVHDes/code/project_4/project_4.srcs/sources_1/new/inverse.vhd:243]
WARNING: [Synth 8-6014] Unused sequential element plus1_reg was removed.  [C:/Users/l/Desktop/6463ADVHDes/code/project_4/project_4.srcs/sources_1/new/inverse.vhd:85]
WARNING: [Synth 8-6014] Unused sequential element plus2_reg was removed.  [C:/Users/l/Desktop/6463ADVHDes/code/project_4/project_4.srcs/sources_1/new/inverse.vhd:86]
WARNING: [Synth 8-6014] Unused sequential element result_reg was removed.  [C:/Users/l/Desktop/6463ADVHDes/code/project_4/project_4.srcs/sources_1/new/inverse.vhd:87]
WARNING: [Synth 8-6014] Unused sequential element rev_reg was removed.  [C:/Users/l/Desktop/6463ADVHDes/code/project_4/project_4.srcs/sources_1/new/inverse.vhd:101]
WARNING: [Synth 8-6014] Unused sequential element plus1_reg was removed.  [C:/Users/l/Desktop/6463ADVHDes/code/project_4/project_4.srcs/sources_1/new/inverse.vhd:188]
WARNING: [Synth 8-6014] Unused sequential element plus2_reg was removed.  [C:/Users/l/Desktop/6463ADVHDes/code/project_4/project_4.srcs/sources_1/new/inverse.vhd:189]
WARNING: [Synth 8-6014] Unused sequential element result_reg was removed.  [C:/Users/l/Desktop/6463ADVHDes/code/project_4/project_4.srcs/sources_1/new/inverse.vhd:190]
WARNING: [Synth 8-6014] Unused sequential element rev_reg was removed.  [C:/Users/l/Desktop/6463ADVHDes/code/project_4/project_4.srcs/sources_1/new/inverse.vhd:204]
INFO: [Synth 8-256] done synthesizing module 'inverse' (1#1) [C:/Users/l/Desktop/6463ADVHDes/code/project_4/project_4.srcs/sources_1/new/inverse.vhd:45]
WARNING: [Synth 8-3331] design inverse has unconnected port din[63]
WARNING: [Synth 8-3331] design inverse has unconnected port din[62]
WARNING: [Synth 8-3331] design inverse has unconnected port din[61]
WARNING: [Synth 8-3331] design inverse has unconnected port din[60]
WARNING: [Synth 8-3331] design inverse has unconnected port din[59]
WARNING: [Synth 8-3331] design inverse has unconnected port din[58]
WARNING: [Synth 8-3331] design inverse has unconnected port din[57]
WARNING: [Synth 8-3331] design inverse has unconnected port din[56]
WARNING: [Synth 8-3331] design inverse has unconnected port din[55]
WARNING: [Synth 8-3331] design inverse has unconnected port din[54]
WARNING: [Synth 8-3331] design inverse has unconnected port din[53]
WARNING: [Synth 8-3331] design inverse has unconnected port din[52]
WARNING: [Synth 8-3331] design inverse has unconnected port din[51]
WARNING: [Synth 8-3331] design inverse has unconnected port din[50]
WARNING: [Synth 8-3331] design inverse has unconnected port din[49]
WARNING: [Synth 8-3331] design inverse has unconnected port din[48]
WARNING: [Synth 8-3331] design inverse has unconnected port din[47]
WARNING: [Synth 8-3331] design inverse has unconnected port din[46]
WARNING: [Synth 8-3331] design inverse has unconnected port din[45]
WARNING: [Synth 8-3331] design inverse has unconnected port din[44]
WARNING: [Synth 8-3331] design inverse has unconnected port din[43]
WARNING: [Synth 8-3331] design inverse has unconnected port din[42]
WARNING: [Synth 8-3331] design inverse has unconnected port din[41]
WARNING: [Synth 8-3331] design inverse has unconnected port din[40]
WARNING: [Synth 8-3331] design inverse has unconnected port din[39]
WARNING: [Synth 8-3331] design inverse has unconnected port din[38]
WARNING: [Synth 8-3331] design inverse has unconnected port din[37]
WARNING: [Synth 8-3331] design inverse has unconnected port din[36]
WARNING: [Synth 8-3331] design inverse has unconnected port din[35]
WARNING: [Synth 8-3331] design inverse has unconnected port din[34]
WARNING: [Synth 8-3331] design inverse has unconnected port din[33]
WARNING: [Synth 8-3331] design inverse has unconnected port din[32]
WARNING: [Synth 8-3331] design inverse has unconnected port din[31]
WARNING: [Synth 8-3331] design inverse has unconnected port din[30]
WARNING: [Synth 8-3331] design inverse has unconnected port din[29]
WARNING: [Synth 8-3331] design inverse has unconnected port din[28]
WARNING: [Synth 8-3331] design inverse has unconnected port din[27]
WARNING: [Synth 8-3331] design inverse has unconnected port din[26]
WARNING: [Synth 8-3331] design inverse has unconnected port din[25]
WARNING: [Synth 8-3331] design inverse has unconnected port din[24]
WARNING: [Synth 8-3331] design inverse has unconnected port din[23]
WARNING: [Synth 8-3331] design inverse has unconnected port din[22]
WARNING: [Synth 8-3331] design inverse has unconnected port din[21]
WARNING: [Synth 8-3331] design inverse has unconnected port din[20]
WARNING: [Synth 8-3331] design inverse has unconnected port din[19]
WARNING: [Synth 8-3331] design inverse has unconnected port din[18]
WARNING: [Synth 8-3331] design inverse has unconnected port din[17]
WARNING: [Synth 8-3331] design inverse has unconnected port din[16]
WARNING: [Synth 8-3331] design inverse has unconnected port din[15]
WARNING: [Synth 8-3331] design inverse has unconnected port din[14]
WARNING: [Synth 8-3331] design inverse has unconnected port din[13]
WARNING: [Synth 8-3331] design inverse has unconnected port din[12]
WARNING: [Synth 8-3331] design inverse has unconnected port din[11]
WARNING: [Synth 8-3331] design inverse has unconnected port din[10]
WARNING: [Synth 8-3331] design inverse has unconnected port din[9]
WARNING: [Synth 8-3331] design inverse has unconnected port din[8]
WARNING: [Synth 8-3331] design inverse has unconnected port din[7]
WARNING: [Synth 8-3331] design inverse has unconnected port din[6]
WARNING: [Synth 8-3331] design inverse has unconnected port din[5]
WARNING: [Synth 8-3331] design inverse has unconnected port din[4]
WARNING: [Synth 8-3331] design inverse has unconnected port din[3]
WARNING: [Synth 8-3331] design inverse has unconnected port din[2]
WARNING: [Synth 8-3331] design inverse has unconnected port din[1]
WARNING: [Synth 8-3331] design inverse has unconnected port din[0]
---------------------------------------------------------------------------------
Finished Synthesize : Time (s): cpu = 00:00:06 ; elapsed = 00:00:08 . Memory (MB): peak = 346.594 ; gain = 116.191
---------------------------------------------------------------------------------
---------------------------------------------------------------------------------
Finished Constraint Validation : Time (s): cpu = 00:00:07 ; elapsed = 00:00:08 . Memory (MB): peak = 346.594 ; gain = 116.191
---------------------------------------------------------------------------------
---------------------------------------------------------------------------------
Start Loading Part and Timing Information
---------------------------------------------------------------------------------
Loading part: xc7a35tcpg236-1
---------------------------------------------------------------------------------
Finished Loading Part and Timing Information : Time (s): cpu = 00:00:07 ; elapsed = 00:00:08 . Memory (MB): peak = 346.594 ; gain = 116.191
---------------------------------------------------------------------------------
INFO: [Device 21-403] Loading part xc7a35tcpg236-1
WARNING: [Synth 8-6014] Unused sequential element i_cnt_reg was removed.  [C:/Users/l/Desktop/6463ADVHDes/code/project_4/project_4.srcs/sources_1/new/inverse.vhd:63]
WARNING: [Synth 8-327] inferring latch for variable 'b_reg' [C:/Users/l/Desktop/6463ADVHDes/code/project_4/project_4.srcs/sources_1/new/inverse.vhd:176]
WARNING: [Synth 8-327] inferring latch for variable 'b_reg' [C:/Users/l/Desktop/6463ADVHDes/code/project_4/project_4.srcs/sources_1/new/inverse.vhd:62]
WARNING: [Synth 8-327] inferring latch for variable 'a_reg' [C:/Users/l/Desktop/6463ADVHDes/code/project_4/project_4.srcs/sources_1/new/inverse.vhd:248]
WARNING: [Synth 8-327] inferring latch for variable 'a_reg' [C:/Users/l/Desktop/6463ADVHDes/code/project_4/project_4.srcs/sources_1/new/inverse.vhd:61]
WARNING: [Synth 8-327] inferring latch for variable 'ba_rot_reg' [C:/Users/l/Desktop/6463ADVHDes/code/project_4/project_4.srcs/sources_1/new/inverse.vhd:88]
WARNING: [Synth 8-327] inferring latch for variable 'ab_rot_reg' [C:/Users/l/Desktop/6463ADVHDes/code/project_4/project_4.srcs/sources_1/new/inverse.vhd:191]
---------------------------------------------------------------------------------
Finished RTL Optimization Phase 2 : Time (s): cpu = 00:00:07 ; elapsed = 00:00:09 . Memory (MB): peak = 346.750 ; gain = 116.348
---------------------------------------------------------------------------------

Report RTL Partitions: 
+-+--------------+------------+----------+
| |RTL Partition |Replication |Instances |
+-+--------------+------------+----------+
+-+--------------+------------+----------+
No constraint files found.
---------------------------------------------------------------------------------
Start RTL Component Statistics 
---------------------------------------------------------------------------------
Detailed RTL Component Info : 
+---Adders : 
	   3 Input     32 Bit       Adders := 2     
	   2 Input      4 Bit       Adders := 1     
+---XORs : 
	   2 Input      1 Bit         XORs := 64    
+---Registers : 
	                4 Bit    Registers := 1     
	                1 Bit    Registers := 1     
+---Muxes : 
	   2 Input     33 Bit        Muxes := 3     
	   2 Input     32 Bit        Muxes := 4     
	   2 Input      4 Bit        Muxes := 1     
---------------------------------------------------------------------------------
Finished RTL Component Statistics 
---------------------------------------------------------------------------------
---------------------------------------------------------------------------------
Start RTL Hierarchical Component Statistics 
---------------------------------------------------------------------------------
Hierarchical RTL Component report 
Module inverse 
Detailed RTL Component Info : 
+---Adders : 
	   3 Input     32 Bit       Adders := 2     
	   2 Input      4 Bit       Adders := 1     
+---XORs : 
	   2 Input      1 Bit         XORs := 64    
+---Registers : 
	                4 Bit    Registers := 1     
	                1 Bit    Registers := 1     
+---Muxes : 
	   2 Input     33 Bit        Muxes := 3     
	   2 Input     32 Bit        Muxes := 4     
	   2 Input      4 Bit        Muxes := 1     
---------------------------------------------------------------------------------
Finished RTL Hierarchical Component Statistics
---------------------------------------------------------------------------------
---------------------------------------------------------------------------------
Start Part Resource Summary
---------------------------------------------------------------------------------
Part Resources:
DSPs: 90 (col length:60)
BRAMs: 100 (col length: RAMB18 60 RAMB36 30)
---------------------------------------------------------------------------------
Finished Part Resource Summary
---------------------------------------------------------------------------------
No constraint files found.
---------------------------------------------------------------------------------
Start Cross Boundary and Area Optimization
---------------------------------------------------------------------------------
WARNING: [Synth 8-6014] Unused sequential element i_cnt_reg was removed.  [C:/Users/l/Desktop/6463ADVHDes/code/project_4/project_4.srcs/sources_1/new/inverse.vhd:63]
WARNING: [Synth 8-3331] design inverse has unconnected port din[63]
WARNING: [Synth 8-3331] design inverse has unconnected port din[62]
WARNING: [Synth 8-3331] design inverse has unconnected port din[61]
WARNING: [Synth 8-3331] design inverse has unconnected port din[60]
WARNING: [Synth 8-3331] design inverse has unconnected port din[59]
WARNING: [Synth 8-3331] design inverse has unconnected port din[58]
WARNING: [Synth 8-3331] design inverse has unconnected port din[57]
WARNING: [Synth 8-3331] design inverse has unconnected port din[56]
WARNING: [Synth 8-3331] design inverse has unconnected port din[55]
WARNING: [Synth 8-3331] design inverse has unconnected port din[54]
WARNING: [Synth 8-3331] design inverse has unconnected port din[53]
WARNING: [Synth 8-3331] design inverse has unconnected port din[52]
WARNING: [Synth 8-3331] design inverse has unconnected port din[51]
WARNING: [Synth 8-3331] design inverse has unconnected port din[50]
WARNING: [Synth 8-3331] design inverse has unconnected port din[49]
WARNING: [Synth 8-3331] design inverse has unconnected port din[48]
WARNING: [Synth 8-3331] design inverse has unconnected port din[47]
WARNING: [Synth 8-3331] design inverse has unconnected port din[46]
WARNING: [Synth 8-3331] design inverse has unconnected port din[45]
WARNING: [Synth 8-3331] design inverse has unconnected port din[44]
WARNING: [Synth 8-3331] design inverse has unconnected port din[43]
WARNING: [Synth 8-3331] design inverse has unconnected port din[42]
WARNING: [Synth 8-3331] design inverse has unconnected port din[41]
WARNING: [Synth 8-3331] design inverse has unconnected port din[40]
WARNING: [Synth 8-3331] design inverse has unconnected port din[39]
WARNING: [Synth 8-3331] design inverse has unconnected port din[38]
WARNING: [Synth 8-3331] design inverse has unconnected port din[37]
WARNING: [Synth 8-3331] design inverse has unconnected port din[36]
WARNING: [Synth 8-3331] design inverse has unconnected port din[35]
WARNING: [Synth 8-3331] design inverse has unconnected port din[34]
WARNING: [Synth 8-3331] design inverse has unconnected port din[33]
WARNING: [Synth 8-3331] design inverse has unconnected port din[32]
WARNING: [Synth 8-3331] design inverse has unconnected port din[31]
WARNING: [Synth 8-3331] design inverse has unconnected port din[30]
WARNING: [Synth 8-3331] design inverse has unconnected port din[29]
WARNING: [Synth 8-3331] design inverse has unconnected port din[28]
INFO: [Common 17-14] Message 'Synth 8-3331' appears 100 times and further instances of the messages will be disabled. Use the Tcl command set_msg_config to change the current settings.
WARNING: [Synth 8-3332] Sequential element (b_reg[32]) is unused and will be removed from module inverse.
WARNING: [Synth 8-3332] Sequential element (b_reg[32]__0) is unused and will be removed from module inverse.
WARNING: [Synth 8-3332] Sequential element (a_reg[32]) is unused and will be removed from module inverse.
WARNING: [Synth 8-3332] Sequential element (a_reg[32]__0) is unused and will be removed from module inverse.
---------------------------------------------------------------------------------
Finished Cross Boundary and Area Optimization : Time (s): cpu = 00:00:14 ; elapsed = 00:00:16 . Memory (MB): peak = 493.953 ; gain = 263.551
---------------------------------------------------------------------------------
---------------------------------------------------------------------------------
Start ROM, RAM, DSP and Shift Register Reporting
---------------------------------------------------------------------------------

ROM:
+------------+------------+---------------+----------------+
|Module Name | RTL Object | Depth x Width | Implemented As | 
+------------+------------+---------------+----------------+
|inverse     | sval[0]    | 32x32         | LUT            | 
|inverse     | sval[0]    | 32x32         | LUT            | 
|inverse     | sval[0]    | 32x32         | LUT            | 
|inverse     | sval[0]    | 32x32         | LUT            | 
+------------+------------+---------------+----------------+

---------------------------------------------------------------------------------
Finished ROM, RAM, DSP and Shift Register Reporting
---------------------------------------------------------------------------------

Report RTL Partitions: 
+-+--------------+------------+----------+
| |RTL Partition |Replication |Instances |
+-+--------------+------------+----------+
+-+--------------+------------+----------+
No constraint files found.
---------------------------------------------------------------------------------
Start Timing Optimization
---------------------------------------------------------------------------------
---------------------------------------------------------------------------------
Finished Timing Optimization : Time (s): cpu = 00:00:14 ; elapsed = 00:00:16 . Memory (MB): peak = 493.953 ; gain = 263.551
---------------------------------------------------------------------------------

Report RTL Partitions: 
+-+--------------+------------+----------+
| |RTL Partition |Replication |Instances |
+-+--------------+------------+----------+
+-+--------------+------------+----------+
---------------------------------------------------------------------------------
Start Technology Mapping
---------------------------------------------------------------------------------
---------------------------------------------------------------------------------
Finished Technology Mapping : Time (s): cpu = 00:00:14 ; elapsed = 00:00:16 . Memory (MB): peak = 493.953 ; gain = 263.551
---------------------------------------------------------------------------------

Report RTL Partitions: 
+-+--------------+------------+----------+
| |RTL Partition |Replication |Instances |
+-+--------------+------------+----------+
+-+--------------+------------+----------+
---------------------------------------------------------------------------------
Start IO Insertion
---------------------------------------------------------------------------------
---------------------------------------------------------------------------------
Start Flattening Before IO Insertion
---------------------------------------------------------------------------------
---------------------------------------------------------------------------------
Finished Flattening Before IO Insertion
---------------------------------------------------------------------------------
---------------------------------------------------------------------------------
Start Final Netlist Cleanup
---------------------------------------------------------------------------------
---------------------------------------------------------------------------------
Finished Final Netlist Cleanup
---------------------------------------------------------------------------------
---------------------------------------------------------------------------------
Finished IO Insertion : Time (s): cpu = 00:00:15 ; elapsed = 00:00:17 . Memory (MB): peak = 493.953 ; gain = 263.551
---------------------------------------------------------------------------------
CRITICAL WARNING: [Synth 8-3352] multi-driven net dout_OBUF[31] with 1st driver pin 'b_reg[31]/Q' [C:/Users/l/Desktop/6463ADVHDes/code/project_4/project_4.srcs/sources_1/new/inverse.vhd:176]
CRITICAL WARNING: [Synth 8-3352] multi-driven net dout_OBUF[31] with 2nd driver pin 'b_reg[31]__0/Q' [C:/Users/l/Desktop/6463ADVHDes/code/project_4/project_4.srcs/sources_1/new/inverse.vhd:62]
CRITICAL WARNING: [Synth 8-3352] multi-driven net dout_OBUF[30] with 1st driver pin 'b_reg[30]__0/Q' [C:/Users/l/Desktop/6463ADVHDes/code/project_4/project_4.srcs/sources_1/new/inverse.vhd:62]
CRITICAL WARNING: [Synth 8-3352] multi-driven net dout_OBUF[30] with 2nd driver pin 'b_reg[30]/Q' [C:/Users/l/Desktop/6463ADVHDes/code/project_4/project_4.srcs/sources_1/new/inverse.vhd:176]
CRITICAL WARNING: [Synth 8-3352] multi-driven net dout_OBUF[29] with 1st driver pin 'b_reg[29]__0/Q' [C:/Users/l/Desktop/6463ADVHDes/code/project_4/project_4.srcs/sources_1/new/inverse.vhd:62]
CRITICAL WARNING: [Synth 8-3352] multi-driven net dout_OBUF[29] with 2nd driver pin 'b_reg[29]/Q' [C:/Users/l/Desktop/6463ADVHDes/code/project_4/project_4.srcs/sources_1/new/inverse.vhd:176]
CRITICAL WARNING: [Synth 8-3352] multi-driven net dout_OBUF[28] with 1st driver pin 'b_reg[28]__0/Q' [C:/Users/l/Desktop/6463ADVHDes/code/project_4/project_4.srcs/sources_1/new/inverse.vhd:62]
CRITICAL WARNING: [Synth 8-3352] multi-driven net dout_OBUF[28] with 2nd driver pin 'b_reg[28]/Q' [C:/Users/l/Desktop/6463ADVHDes/code/project_4/project_4.srcs/sources_1/new/inverse.vhd:176]
CRITICAL WARNING: [Synth 8-3352] multi-driven net dout_OBUF[27] with 1st driver pin 'b_reg[27]__0/Q' [C:/Users/l/Desktop/6463ADVHDes/code/project_4/project_4.srcs/sources_1/new/inverse.vhd:62]
CRITICAL WARNING: [Synth 8-3352] multi-driven net dout_OBUF[27] with 2nd driver pin 'b_reg[27]/Q' [C:/Users/l/Desktop/6463ADVHDes/code/project_4/project_4.srcs/sources_1/new/inverse.vhd:176]
CRITICAL WARNING: [Synth 8-3352] multi-driven net dout_OBUF[26] with 1st driver pin 'b_reg[26]__0/Q' [C:/Users/l/Desktop/6463ADVHDes/code/project_4/project_4.srcs/sources_1/new/inverse.vhd:62]
CRITICAL WARNING: [Synth 8-3352] multi-driven net dout_OBUF[26] with 2nd driver pin 'b_reg[26]/Q' [C:/Users/l/Desktop/6463ADVHDes/code/project_4/project_4.srcs/sources_1/new/inverse.vhd:176]
CRITICAL WARNING: [Synth 8-3352] multi-driven net dout_OBUF[25] with 1st driver pin 'b_reg[25]__0/Q' [C:/Users/l/Desktop/6463ADVHDes/code/project_4/project_4.srcs/sources_1/new/inverse.vhd:62]
CRITICAL WARNING: [Synth 8-3352] multi-driven net dout_OBUF[25] with 2nd driver pin 'b_reg[25]/Q' [C:/Users/l/Desktop/6463ADVHDes/code/project_4/project_4.srcs/sources_1/new/inverse.vhd:176]
CRITICAL WARNING: [Synth 8-3352] multi-driven net dout_OBUF[24] with 1st driver pin 'b_reg[24]__0/Q' [C:/Users/l/Desktop/6463ADVHDes/code/project_4/project_4.srcs/sources_1/new/inverse.vhd:62]
CRITICAL WARNING: [Synth 8-3352] multi-driven net dout_OBUF[24] with 2nd driver pin 'b_reg[24]/Q' [C:/Users/l/Desktop/6463ADVHDes/code/project_4/project_4.srcs/sources_1/new/inverse.vhd:176]
CRITICAL WARNING: [Synth 8-3352] multi-driven net dout_OBUF[23] with 1st driver pin 'b_reg[23]__0/Q' [C:/Users/l/Desktop/6463ADVHDes/code/project_4/project_4.srcs/sources_1/new/inverse.vhd:62]
CRITICAL WARNING: [Synth 8-3352] multi-driven net dout_OBUF[23] with 2nd driver pin 'b_reg[23]/Q' [C:/Users/l/Desktop/6463ADVHDes/code/project_4/project_4.srcs/sources_1/new/inverse.vhd:176]
CRITICAL WARNING: [Synth 8-3352] multi-driven net dout_OBUF[22] with 1st driver pin 'b_reg[22]__0/Q' [C:/Users/l/Desktop/6463ADVHDes/code/project_4/project_4.srcs/sources_1/new/inverse.vhd:62]
CRITICAL WARNING: [Synth 8-3352] multi-driven net dout_OBUF[22] with 2nd driver pin 'b_reg[22]/Q' [C:/Users/l/Desktop/6463ADVHDes/code/project_4/project_4.srcs/sources_1/new/inverse.vhd:176]
CRITICAL WARNING: [Synth 8-3352] multi-driven net dout_OBUF[21] with 1st driver pin 'b_reg[21]__0/Q' [C:/Users/l/Desktop/6463ADVHDes/code/project_4/project_4.srcs/sources_1/new/inverse.vhd:62]
CRITICAL WARNING: [Synth 8-3352] multi-driven net dout_OBUF[21] with 2nd driver pin 'b_reg[21]/Q' [C:/Users/l/Desktop/6463ADVHDes/code/project_4/project_4.srcs/sources_1/new/inverse.vhd:176]
CRITICAL WARNING: [Synth 8-3352] multi-driven net dout_OBUF[20] with 1st driver pin 'b_reg[20]__0/Q' [C:/Users/l/Desktop/6463ADVHDes/code/project_4/project_4.srcs/sources_1/new/inverse.vhd:62]
CRITICAL WARNING: [Synth 8-3352] multi-driven net dout_OBUF[20] with 2nd driver pin 'b_reg[20]/Q' [C:/Users/l/Desktop/6463ADVHDes/code/project_4/project_4.srcs/sources_1/new/inverse.vhd:176]
CRITICAL WARNING: [Synth 8-3352] multi-driven net dout_OBUF[19] with 1st driver pin 'b_reg[19]__0/Q' [C:/Users/l/Desktop/6463ADVHDes/code/project_4/project_4.srcs/sources_1/new/inverse.vhd:62]
CRITICAL WARNING: [Synth 8-3352] multi-driven net dout_OBUF[19] with 2nd driver pin 'b_reg[19]/Q' [C:/Users/l/Desktop/6463ADVHDes/code/project_4/project_4.srcs/sources_1/new/inverse.vhd:176]
CRITICAL WARNING: [Synth 8-3352] multi-driven net dout_OBUF[18] with 1st driver pin 'b_reg[18]__0/Q' [C:/Users/l/Desktop/6463ADVHDes/code/project_4/project_4.srcs/sources_1/new/inverse.vhd:62]
CRITICAL WARNING: [Synth 8-3352] multi-driven net dout_OBUF[18] with 2nd driver pin 'b_reg[18]/Q' [C:/Users/l/Desktop/6463ADVHDes/code/project_4/project_4.srcs/sources_1/new/inverse.vhd:176]
CRITICAL WARNING: [Synth 8-3352] multi-driven net dout_OBUF[17] with 1st driver pin 'b_reg[17]__0/Q' [C:/Users/l/Desktop/6463ADVHDes/code/project_4/project_4.srcs/sources_1/new/inverse.vhd:62]
CRITICAL WARNING: [Synth 8-3352] multi-driven net dout_OBUF[17] with 2nd driver pin 'b_reg[17]/Q' [C:/Users/l/Desktop/6463ADVHDes/code/project_4/project_4.srcs/sources_1/new/inverse.vhd:176]
CRITICAL WARNING: [Synth 8-3352] multi-driven net dout_OBUF[16] with 1st driver pin 'b_reg[16]__0/Q' [C:/Users/l/Desktop/6463ADVHDes/code/project_4/project_4.srcs/sources_1/new/inverse.vhd:62]
CRITICAL WARNING: [Synth 8-3352] multi-driven net dout_OBUF[16] with 2nd driver pin 'b_reg[16]/Q' [C:/Users/l/Desktop/6463ADVHDes/code/project_4/project_4.srcs/sources_1/new/inverse.vhd:176]
CRITICAL WARNING: [Synth 8-3352] multi-driven net dout_OBUF[15] with 1st driver pin 'b_reg[15]__0/Q' [C:/Users/l/Desktop/6463ADVHDes/code/project_4/project_4.srcs/sources_1/new/inverse.vhd:62]
CRITICAL WARNING: [Synth 8-3352] multi-driven net dout_OBUF[15] with 2nd driver pin 'b_reg[15]/Q' [C:/Users/l/Desktop/6463ADVHDes/code/project_4/project_4.srcs/sources_1/new/inverse.vhd:176]
CRITICAL WARNING: [Synth 8-3352] multi-driven net dout_OBUF[14] with 1st driver pin 'b_reg[14]__0/Q' [C:/Users/l/Desktop/6463ADVHDes/code/project_4/project_4.srcs/sources_1/new/inverse.vhd:62]
CRITICAL WARNING: [Synth 8-3352] multi-driven net dout_OBUF[14] with 2nd driver pin 'b_reg[14]/Q' [C:/Users/l/Desktop/6463ADVHDes/code/project_4/project_4.srcs/sources_1/new/inverse.vhd:176]
CRITICAL WARNING: [Synth 8-3352] multi-driven net dout_OBUF[13] with 1st driver pin 'b_reg[13]__0/Q' [C:/Users/l/Desktop/6463ADVHDes/code/project_4/project_4.srcs/sources_1/new/inverse.vhd:62]
CRITICAL WARNING: [Synth 8-3352] multi-driven net dout_OBUF[13] with 2nd driver pin 'b_reg[13]/Q' [C:/Users/l/Desktop/6463ADVHDes/code/project_4/project_4.srcs/sources_1/new/inverse.vhd:176]
CRITICAL WARNING: [Synth 8-3352] multi-driven net dout_OBUF[12] with 1st driver pin 'b_reg[12]__0/Q' [C:/Users/l/Desktop/6463ADVHDes/code/project_4/project_4.srcs/sources_1/new/inverse.vhd:62]
CRITICAL WARNING: [Synth 8-3352] multi-driven net dout_OBUF[12] with 2nd driver pin 'b_reg[12]/Q' [C:/Users/l/Desktop/6463ADVHDes/code/project_4/project_4.srcs/sources_1/new/inverse.vhd:176]
CRITICAL WARNING: [Synth 8-3352] multi-driven net dout_OBUF[11] with 1st driver pin 'b_reg[11]__0/Q' [C:/Users/l/Desktop/6463ADVHDes/code/project_4/project_4.srcs/sources_1/new/inverse.vhd:62]
CRITICAL WARNING: [Synth 8-3352] multi-driven net dout_OBUF[11] with 2nd driver pin 'b_reg[11]/Q' [C:/Users/l/Desktop/6463ADVHDes/code/project_4/project_4.srcs/sources_1/new/inverse.vhd:176]
CRITICAL WARNING: [Synth 8-3352] multi-driven net dout_OBUF[10] with 1st driver pin 'b_reg[10]__0/Q' [C:/Users/l/Desktop/6463ADVHDes/code/project_4/project_4.srcs/sources_1/new/inverse.vhd:62]
CRITICAL WARNING: [Synth 8-3352] multi-driven net dout_OBUF[10] with 2nd driver pin 'b_reg[10]/Q' [C:/Users/l/Desktop/6463ADVHDes/code/project_4/project_4.srcs/sources_1/new/inverse.vhd:176]
CRITICAL WARNING: [Synth 8-3352] multi-driven net dout_OBUF[9] with 1st driver pin 'b_reg[9]__0/Q' [C:/Users/l/Desktop/6463ADVHDes/code/project_4/project_4.srcs/sources_1/new/inverse.vhd:62]
CRITICAL WARNING: [Synth 8-3352] multi-driven net dout_OBUF[9] with 2nd driver pin 'b_reg[9]/Q' [C:/Users/l/Desktop/6463ADVHDes/code/project_4/project_4.srcs/sources_1/new/inverse.vhd:176]
CRITICAL WARNING: [Synth 8-3352] multi-driven net dout_OBUF[8] with 1st driver pin 'b_reg[8]__0/Q' [C:/Users/l/Desktop/6463ADVHDes/code/project_4/project_4.srcs/sources_1/new/inverse.vhd:62]
CRITICAL WARNING: [Synth 8-3352] multi-driven net dout_OBUF[8] with 2nd driver pin 'b_reg[8]/Q' [C:/Users/l/Desktop/6463ADVHDes/code/project_4/project_4.srcs/sources_1/new/inverse.vhd:176]
CRITICAL WARNING: [Synth 8-3352] multi-driven net dout_OBUF[7] with 1st driver pin 'b_reg[7]__0/Q' [C:/Users/l/Desktop/6463ADVHDes/code/project_4/project_4.srcs/sources_1/new/inverse.vhd:62]
CRITICAL WARNING: [Synth 8-3352] multi-driven net dout_OBUF[7] with 2nd driver pin 'b_reg[7]/Q' [C:/Users/l/Desktop/6463ADVHDes/code/project_4/project_4.srcs/sources_1/new/inverse.vhd:176]
CRITICAL WARNING: [Synth 8-3352] multi-driven net dout_OBUF[6] with 1st driver pin 'b_reg[6]__0/Q' [C:/Users/l/Desktop/6463ADVHDes/code/project_4/project_4.srcs/sources_1/new/inverse.vhd:62]
CRITICAL WARNING: [Synth 8-3352] multi-driven net dout_OBUF[6] with 2nd driver pin 'b_reg[6]/Q' [C:/Users/l/Desktop/6463ADVHDes/code/project_4/project_4.srcs/sources_1/new/inverse.vhd:176]
CRITICAL WARNING: [Synth 8-3352] multi-driven net dout_OBUF[5] with 1st driver pin 'b_reg[5]__0/Q' [C:/Users/l/Desktop/6463ADVHDes/code/project_4/project_4.srcs/sources_1/new/inverse.vhd:62]
CRITICAL WARNING: [Synth 8-3352] multi-driven net dout_OBUF[5] with 2nd driver pin 'b_reg[5]/Q' [C:/Users/l/Desktop/6463ADVHDes/code/project_4/project_4.srcs/sources_1/new/inverse.vhd:176]
CRITICAL WARNING: [Synth 8-3352] multi-driven net dout_OBUF[4] with 1st driver pin 'b_reg[4]__0/Q' [C:/Users/l/Desktop/6463ADVHDes/code/project_4/project_4.srcs/sources_1/new/inverse.vhd:62]
CRITICAL WARNING: [Synth 8-3352] multi-driven net dout_OBUF[4] with 2nd driver pin 'b_reg[4]/Q' [C:/Users/l/Desktop/6463ADVHDes/code/project_4/project_4.srcs/sources_1/new/inverse.vhd:176]
CRITICAL WARNING: [Synth 8-3352] multi-driven net dout_OBUF[3] with 1st driver pin 'b_reg[3]__0/Q' [C:/Users/l/Desktop/6463ADVHDes/code/project_4/project_4.srcs/sources_1/new/inverse.vhd:62]
CRITICAL WARNING: [Synth 8-3352] multi-driven net dout_OBUF[3] with 2nd driver pin 'b_reg[3]/Q' [C:/Users/l/Desktop/6463ADVHDes/code/project_4/project_4.srcs/sources_1/new/inverse.vhd:176]
CRITICAL WARNING: [Synth 8-3352] multi-driven net dout_OBUF[2] with 1st driver pin 'b_reg[2]__0/Q' [C:/Users/l/Desktop/6463ADVHDes/code/project_4/project_4.srcs/sources_1/new/inverse.vhd:62]
CRITICAL WARNING: [Synth 8-3352] multi-driven net dout_OBUF[2] with 2nd driver pin 'b_reg[2]/Q' [C:/Users/l/Desktop/6463ADVHDes/code/project_4/project_4.srcs/sources_1/new/inverse.vhd:176]
CRITICAL WARNING: [Synth 8-3352] multi-driven net dout_OBUF[1] with 1st driver pin 'b_reg[1]__0/Q' [C:/Users/l/Desktop/6463ADVHDes/code/project_4/project_4.srcs/sources_1/new/inverse.vhd:62]
CRITICAL WARNING: [Synth 8-3352] multi-driven net dout_OBUF[1] with 2nd driver pin 'b_reg[1]/Q' [C:/Users/l/Desktop/6463ADVHDes/code/project_4/project_4.srcs/sources_1/new/inverse.vhd:176]
CRITICAL WARNING: [Synth 8-3352] multi-driven net dout_OBUF[0] with 1st driver pin 'b_reg[0]__0/Q' [C:/Users/l/Desktop/6463ADVHDes/code/project_4/project_4.srcs/sources_1/new/inverse.vhd:62]
CRITICAL WARNING: [Synth 8-3352] multi-driven net dout_OBUF[0] with 2nd driver pin 'b_reg[0]/Q' [C:/Users/l/Desktop/6463ADVHDes/code/project_4/project_4.srcs/sources_1/new/inverse.vhd:176]
CRITICAL WARNING: [Synth 8-3352] multi-driven net dout_OBUF[63] with 1st driver pin 'a_reg[31]/Q' [C:/Users/l/Desktop/6463ADVHDes/code/project_4/project_4.srcs/sources_1/new/inverse.vhd:248]
CRITICAL WARNING: [Synth 8-3352] multi-driven net dout_OBUF[63] with 2nd driver pin 'a_reg[31]__0/Q' [C:/Users/l/Desktop/6463ADVHDes/code/project_4/project_4.srcs/sources_1/new/inverse.vhd:61]
CRITICAL WARNING: [Synth 8-3352] multi-driven net dout_OBUF[62] with 1st driver pin 'a_reg[30]__0/Q' [C:/Users/l/Desktop/6463ADVHDes/code/project_4/project_4.srcs/sources_1/new/inverse.vhd:61]
CRITICAL WARNING: [Synth 8-3352] multi-driven net dout_OBUF[62] with 2nd driver pin 'a_reg[30]/Q' [C:/Users/l/Desktop/6463ADVHDes/code/project_4/project_4.srcs/sources_1/new/inverse.vhd:248]
CRITICAL WARNING: [Synth 8-3352] multi-driven net dout_OBUF[61] with 1st driver pin 'a_reg[29]__0/Q' [C:/Users/l/Desktop/6463ADVHDes/code/project_4/project_4.srcs/sources_1/new/inverse.vhd:61]
CRITICAL WARNING: [Synth 8-3352] multi-driven net dout_OBUF[61] with 2nd driver pin 'a_reg[29]/Q' [C:/Users/l/Desktop/6463ADVHDes/code/project_4/project_4.srcs/sources_1/new/inverse.vhd:248]
CRITICAL WARNING: [Synth 8-3352] multi-driven net dout_OBUF[60] with 1st driver pin 'a_reg[28]__0/Q' [C:/Users/l/Desktop/6463ADVHDes/code/project_4/project_4.srcs/sources_1/new/inverse.vhd:61]
CRITICAL WARNING: [Synth 8-3352] multi-driven net dout_OBUF[60] with 2nd driver pin 'a_reg[28]/Q' [C:/Users/l/Desktop/6463ADVHDes/code/project_4/project_4.srcs/sources_1/new/inverse.vhd:248]
CRITICAL WARNING: [Synth 8-3352] multi-driven net dout_OBUF[59] with 1st driver pin 'a_reg[27]__0/Q' [C:/Users/l/Desktop/6463ADVHDes/code/project_4/project_4.srcs/sources_1/new/inverse.vhd:61]
CRITICAL WARNING: [Synth 8-3352] multi-driven net dout_OBUF[59] with 2nd driver pin 'a_reg[27]/Q' [C:/Users/l/Desktop/6463ADVHDes/code/project_4/project_4.srcs/sources_1/new/inverse.vhd:248]
CRITICAL WARNING: [Synth 8-3352] multi-driven net dout_OBUF[58] with 1st driver pin 'a_reg[26]__0/Q' [C:/Users/l/Desktop/6463ADVHDes/code/project_4/project_4.srcs/sources_1/new/inverse.vhd:61]
CRITICAL WARNING: [Synth 8-3352] multi-driven net dout_OBUF[58] with 2nd driver pin 'a_reg[26]/Q' [C:/Users/l/Desktop/6463ADVHDes/code/project_4/project_4.srcs/sources_1/new/inverse.vhd:248]
CRITICAL WARNING: [Synth 8-3352] multi-driven net dout_OBUF[57] with 1st driver pin 'a_reg[25]__0/Q' [C:/Users/l/Desktop/6463ADVHDes/code/project_4/project_4.srcs/sources_1/new/inverse.vhd:61]
CRITICAL WARNING: [Synth 8-3352] multi-driven net dout_OBUF[57] with 2nd driver pin 'a_reg[25]/Q' [C:/Users/l/Desktop/6463ADVHDes/code/project_4/project_4.srcs/sources_1/new/inverse.vhd:248]
CRITICAL WARNING: [Synth 8-3352] multi-driven net dout_OBUF[56] with 1st driver pin 'a_reg[24]__0/Q' [C:/Users/l/Desktop/6463ADVHDes/code/project_4/project_4.srcs/sources_1/new/inverse.vhd:61]
CRITICAL WARNING: [Synth 8-3352] multi-driven net dout_OBUF[56] with 2nd driver pin 'a_reg[24]/Q' [C:/Users/l/Desktop/6463ADVHDes/code/project_4/project_4.srcs/sources_1/new/inverse.vhd:248]
CRITICAL WARNING: [Synth 8-3352] multi-driven net dout_OBUF[55] with 1st driver pin 'a_reg[23]__0/Q' [C:/Users/l/Desktop/6463ADVHDes/code/project_4/project_4.srcs/sources_1/new/inverse.vhd:61]
CRITICAL WARNING: [Synth 8-3352] multi-driven net dout_OBUF[55] with 2nd driver pin 'a_reg[23]/Q' [C:/Users/l/Desktop/6463ADVHDes/code/project_4/project_4.srcs/sources_1/new/inverse.vhd:248]
CRITICAL WARNING: [Synth 8-3352] multi-driven net dout_OBUF[54] with 1st driver pin 'a_reg[22]__0/Q' [C:/Users/l/Desktop/6463ADVHDes/code/project_4/project_4.srcs/sources_1/new/inverse.vhd:61]
CRITICAL WARNING: [Synth 8-3352] multi-driven net dout_OBUF[54] with 2nd driver pin 'a_reg[22]/Q' [C:/Users/l/Desktop/6463ADVHDes/code/project_4/project_4.srcs/sources_1/new/inverse.vhd:248]
CRITICAL WARNING: [Synth 8-3352] multi-driven net dout_OBUF[53] with 1st driver pin 'a_reg[21]__0/Q' [C:/Users/l/Desktop/6463ADVHDes/code/project_4/project_4.srcs/sources_1/new/inverse.vhd:61]
CRITICAL WARNING: [Synth 8-3352] multi-driven net dout_OBUF[53] with 2nd driver pin 'a_reg[21]/Q' [C:/Users/l/Desktop/6463ADVHDes/code/project_4/project_4.srcs/sources_1/new/inverse.vhd:248]
CRITICAL WARNING: [Synth 8-3352] multi-driven net dout_OBUF[52] with 1st driver pin 'a_reg[20]__0/Q' [C:/Users/l/Desktop/6463ADVHDes/code/project_4/project_4.srcs/sources_1/new/inverse.vhd:61]
CRITICAL WARNING: [Synth 8-3352] multi-driven net dout_OBUF[52] with 2nd driver pin 'a_reg[20]/Q' [C:/Users/l/Desktop/6463ADVHDes/code/project_4/project_4.srcs/sources_1/new/inverse.vhd:248]
CRITICAL WARNING: [Synth 8-3352] multi-driven net dout_OBUF[51] with 1st driver pin 'a_reg[19]__0/Q' [C:/Users/l/Desktop/6463ADVHDes/code/project_4/project_4.srcs/sources_1/new/inverse.vhd:61]
CRITICAL WARNING: [Synth 8-3352] multi-driven net dout_OBUF[51] with 2nd driver pin 'a_reg[19]/Q' [C:/Users/l/Desktop/6463ADVHDes/code/project_4/project_4.srcs/sources_1/new/inverse.vhd:248]
CRITICAL WARNING: [Synth 8-3352] multi-driven net dout_OBUF[50] with 1st driver pin 'a_reg[18]__0/Q' [C:/Users/l/Desktop/6463ADVHDes/code/project_4/project_4.srcs/sources_1/new/inverse.vhd:61]
CRITICAL WARNING: [Synth 8-3352] multi-driven net dout_OBUF[50] with 2nd driver pin 'a_reg[18]/Q' [C:/Users/l/Desktop/6463ADVHDes/code/project_4/project_4.srcs/sources_1/new/inverse.vhd:248]
CRITICAL WARNING: [Synth 8-3352] multi-driven net dout_OBUF[49] with 1st driver pin 'a_reg[17]__0/Q' [C:/Users/l/Desktop/6463ADVHDes/code/project_4/project_4.srcs/sources_1/new/inverse.vhd:61]
CRITICAL WARNING: [Synth 8-3352] multi-driven net dout_OBUF[49] with 2nd driver pin 'a_reg[17]/Q' [C:/Users/l/Desktop/6463ADVHDes/code/project_4/project_4.srcs/sources_1/new/inverse.vhd:248]
CRITICAL WARNING: [Synth 8-3352] multi-driven net dout_OBUF[48] with 1st driver pin 'a_reg[16]__0/Q' [C:/Users/l/Desktop/6463ADVHDes/code/project_4/project_4.srcs/sources_1/new/inverse.vhd:61]
CRITICAL WARNING: [Synth 8-3352] multi-driven net dout_OBUF[48] with 2nd driver pin 'a_reg[16]/Q' [C:/Users/l/Desktop/6463ADVHDes/code/project_4/project_4.srcs/sources_1/new/inverse.vhd:248]
CRITICAL WARNING: [Synth 8-3352] multi-driven net dout_OBUF[47] with 1st driver pin 'a_reg[15]__0/Q' [C:/Users/l/Desktop/6463ADVHDes/code/project_4/project_4.srcs/sources_1/new/inverse.vhd:61]
CRITICAL WARNING: [Synth 8-3352] multi-driven net dout_OBUF[47] with 2nd driver pin 'a_reg[15]/Q' [C:/Users/l/Desktop/6463ADVHDes/code/project_4/project_4.srcs/sources_1/new/inverse.vhd:248]
CRITICAL WARNING: [Synth 8-3352] multi-driven net dout_OBUF[46] with 1st driver pin 'a_reg[14]__0/Q' [C:/Users/l/Desktop/6463ADVHDes/code/project_4/project_4.srcs/sources_1/new/inverse.vhd:61]
CRITICAL WARNING: [Synth 8-3352] multi-driven net dout_OBUF[46] with 2nd driver pin 'a_reg[14]/Q' [C:/Users/l/Desktop/6463ADVHDes/code/project_4/project_4.srcs/sources_1/new/inverse.vhd:248]
INFO: [Common 17-14] Message 'Synth 8-3352' appears 100 times and further instances of the messages will be disabled. Use the Tcl command set_msg_config to change the current settings.

Report Check Netlist: 
+------+------------------+-------+---------+-------+------------------+
|      |Item              |Errors |Warnings |Status |Description       |
+------+------------------+-------+---------+-------+------------------+
|1     |multi_driven_nets |      0|       64|Failed |Multi driven nets |
+------+------------------+-------+---------+-------+------------------+
---------------------------------------------------------------------------------
Start Renaming Generated Instances
---------------------------------------------------------------------------------
---------------------------------------------------------------------------------
Finished Renaming Generated Instances : Time (s): cpu = 00:00:15 ; elapsed = 00:00:18 . Memory (MB): peak = 493.953 ; gain = 263.551
---------------------------------------------------------------------------------

Report RTL Partitions: 
+-+--------------+------------+----------+
| |RTL Partition |Replication |Instances |
+-+--------------+------------+----------+
+-+--------------+------------+----------+
---------------------------------------------------------------------------------
Start Rebuilding User Hierarchy
---------------------------------------------------------------------------------
---------------------------------------------------------------------------------
Finished Rebuilding User Hierarchy : Time (s): cpu = 00:00:15 ; elapsed = 00:00:18 . Memory (MB): peak = 493.953 ; gain = 263.551
---------------------------------------------------------------------------------
---------------------------------------------------------------------------------
Start Renaming Generated Ports
---------------------------------------------------------------------------------
---------------------------------------------------------------------------------
Finished Renaming Generated Ports : Time (s): cpu = 00:00:15 ; elapsed = 00:00:18 . Memory (MB): peak = 493.953 ; gain = 263.551
---------------------------------------------------------------------------------
---------------------------------------------------------------------------------
Start Handling Custom Attributes
---------------------------------------------------------------------------------
---------------------------------------------------------------------------------
Finished Handling Custom Attributes : Time (s): cpu = 00:00:15 ; elapsed = 00:00:18 . Memory (MB): peak = 493.953 ; gain = 263.551
---------------------------------------------------------------------------------
---------------------------------------------------------------------------------
Start Renaming Generated Nets
---------------------------------------------------------------------------------
---------------------------------------------------------------------------------
Finished Renaming Generated Nets : Time (s): cpu = 00:00:15 ; elapsed = 00:00:18 . Memory (MB): peak = 493.953 ; gain = 263.551
---------------------------------------------------------------------------------
---------------------------------------------------------------------------------
Start Writing Synthesis Report
---------------------------------------------------------------------------------

Report BlackBoxes: 
+-+--------------+----------+
| |BlackBox name |Instances |
+-+--------------+----------+
+-+--------------+----------+

Report Cell Usage: 
+------+-------+------+
|      |Cell   |Count |
+------+-------+------+
|1     |BUFG   |     4|
|2     |CARRY4 |    16|
|3     |LUT2   |     1|
|4     |LUT3   |     1|
|5     |LUT4   |     5|
|6     |LUT5   |    63|
|7     |LUT6   |   254|
|8     |FDCE   |     2|
|9     |FDPE   |     3|
|10    |LD     |   192|
|11    |IBUF   |     2|
|12    |OBUF   |    68|
+------+-------+------+

Report Instance Areas: 
+------+---------+-------+------+
|      |Instance |Module |Cells |
+------+---------+-------+------+
|1     |top      |       |   611|
+------+---------+-------+------+
---------------------------------------------------------------------------------
Finished Writing Synthesis Report : Time (s): cpu = 00:00:15 ; elapsed = 00:00:18 . Memory (MB): peak = 493.953 ; gain = 263.551
---------------------------------------------------------------------------------
Synthesis finished with 0 errors, 128 critical warnings and 163 warnings.
Synthesis Optimization Runtime : Time (s): cpu = 00:00:15 ; elapsed = 00:00:18 . Memory (MB): peak = 493.953 ; gain = 263.551
Synthesis Optimization Complete : Time (s): cpu = 00:00:15 ; elapsed = 00:00:18 . Memory (MB): peak = 493.953 ; gain = 263.551
INFO: [Project 1-571] Translating synthesized netlist
INFO: [Netlist 29-17] Analyzing 210 Unisim elements for replacement
INFO: [Netlist 29-28] Unisim Transformation completed in 0 CPU seconds
INFO: [Project 1-570] Preparing netlist for logic optimization
INFO: [Opt 31-138] Pushed 0 inverter(s) to 0 load pin(s).
INFO: [Project 1-111] Unisim Transformation Summary:
  A total of 192 instances were transformed.
  LD => LDCE: 192 instances

12 Infos, 135 Warnings, 100 Critical Warnings and 0 Errors encountered.
synth_design completed successfully
synth_design: Time (s): cpu = 00:00:20 ; elapsed = 00:00:24 . Memory (MB): peak = 558.551 ; gain = 335.918
INFO: [Common 17-1381] The checkpoint 'C:/Users/l/Desktop/6463ADVHDes/code/project_4/project_4.runs/synth_1/inverse.dcp' has been generated.
report_utilization: Time (s): cpu = 00:00:00 ; elapsed = 00:00:00.030 . Memory (MB): peak = 558.551 ; gain = 0.000
INFO: [Common 17-206] Exiting Vivado at Mon Oct 23 16:05:06 2017...
