Vivado Simulator 2017.2
Copyright 1986-1999, 2001-2016 Xilinx, Inc. All Rights Reserved.
Running: C:/Xilinx/Vivado/2017.2/bin/unwrapped/win64.o/xelab.exe -wto 3e31f9a418834f22b6d8932ebccbb322 --debug typical --relax --mt 2 --maxdelay -L xil_defaultlib -L simprims_ver -L secureip --snapshot inverse_tb_time_synth -transport_int_delays -pulse_r 0 -pulse_int_r 0 -pulse_e 0 -pulse_int_e 0 xil_defaultlib.inverse_tb xil_defaultlib.glbl -log elaborate.log 
Using 2 slave threads.
Starting static elaboration
Completed static elaboration
Starting simulation data flow analysis
Completed simulation data flow analysis
INFO: [XSIM 43-3451] SDF backannotation process started with SDF file "inverse_tb_time_synth.sdf", for root module "inverse_tb/DUT".
INFO: [XSIM 43-3452] SDF backannotation was successful for SDF file "inverse_tb_time_synth.sdf", for root module "inverse_tb/DUT".
Time Resolution for simulation is 1ps
Compiling package std.standard
Compiling package std.textio
Compiling package ieee.std_logic_1164
Compiling package vl.vl_types
Compiling module xil_defaultlib.glbl
Compiling module simprims_ver.latchsre_ldce
Compiling module simprims_ver.LDCE
Compiling module simprims_ver.LUT6
Compiling module simprims_ver.CARRY4
Compiling module simprims_ver.LUT4
Compiling module simprims_ver.BUFG
Compiling module simprims_ver.LUT5
Compiling module simprims_ver.IBUF
Compiling module simprims_ver.OBUF
Compiling module simprims_ver.FDCE_default
Compiling module simprims_ver.x_lut2_mux4
Compiling module simprims_ver.LUT2
Compiling module simprims_ver.x_lut3_mux8
Compiling module simprims_ver.LUT3
Compiling module simprims_ver.FDPE_default
Compiling module xil_defaultlib.inverse
Compiling architecture behavioral of entity xil_defaultlib.inverse_tb
Built simulation snapshot inverse_tb_time_synth
