Unable to capture context for thread 14208 in process 4452, can not generate back trace
Unable to capture context for thread 5496 in process 4452, can not generate back trace
Exception at PC 0x00007FFE9072BB93
Printing stacktrace...

[0]  [0x00007FFE9072BB93]
[1]  [0x00007FFE9072BB93]
[2]  [0x00007FFE9072B4A1]
[3]  [0x00007FFE9072B3EF]
[4]  [0x00007FFE907119FE]
[5]  [0x00007FFE90710ED1]
[6]  [0x00007FFE90710D76]
[7]  [0x00007FFE906B79F6]
[8]  [0x00007FFE906A7AFB]
[9]  [0x00007FFE907CE90A]
[10]  [0x00007FFE907E9F87]
[11]  [0x00007FFE907EA05F]
[12] (BaseThreadInitThunk+0x14) [0x00007FFEFD878364]
[13] (RtlUserThreadStart+0x21) [0x00007FFEFD9E70D1]
Done
Exception at PC 0x00007FFE90431A52
Attemped to write at address 0x00007FFEC156ABA4
Printing stacktrace...

[0]  [0x00007FFE90431A52]
[1]  [0x00007FFE90431A52]
[2]  [0x00007FFE90431AD4]
[3]  [0x00007FFE90573FF7]
[4]  [0x00007FFE90459128]
[5]  [0x00007FFE9070DFB9]
[6]  [0x00007FFE908DEF23]
[7]  [0x00007FFE907EB06B]
[8]  [0x00007FFE907E08AF]
[9]  [0x00007FFE907E0A32]
[10] (RtlDeactivateActivationContextUnsafeFast+0x1bf) [0x00007FFEFD9AA35F]
[11] (LdrShutdownProcess+0x14b) [0x00007FFEFD98806B]
[12] (RtlExitUserProcess+0xb4) [0x00007FFEFD987D94]
[13] (ExitProcess+0xa) [0x00007FFEFD88CE6A]
[14] (exit+0x85) [0x00007FFEFD3FA4A5]
[15] (initterm_e+0x231) [0x00007FFEFD3FAB01]
[16]  [0x00000000004014CD]
[17]  [0x000000000040151B]
[18] (BaseThreadInitThunk+0x14) [0x00007FFEFD878364]
[19] (RtlUserThreadStart+0x21) [0x00007FFEFD9E70D1]
Done
