Vivado Simulator 2017.2
Time resolution is 1 ps
Error: ARG is too large in CONV_INTEGER
Time: 5 ns  Iteration: 2  Process: /inverse_tb/DUT/CONT_CALCULATION  File: C:/Users/l/Desktop/6463ADVHDes/code/project_4/project_4.srcs/sources_1/new/inverse.vhd
Error: ARG is too large in CONV_INTEGER
Time: 15 ns  Iteration: 2  Process: /inverse_tb/DUT/CONT_CALCULATION  File: C:/Users/l/Desktop/6463ADVHDes/code/project_4/project_4.srcs/sources_1/new/inverse.vhd
Error: ARG is too large in CONV_INTEGER
Time: 25 ns  Iteration: 2  Process: /inverse_tb/DUT/CONT_CALCULATION  File: C:/Users/l/Desktop/6463ADVHDes/code/project_4/project_4.srcs/sources_1/new/inverse.vhd
Error: ARG is too large in CONV_INTEGER
Time: 35 ns  Iteration: 2  Process: /inverse_tb/DUT/CONT_CALCULATION  File: C:/Users/l/Desktop/6463ADVHDes/code/project_4/project_4.srcs/sources_1/new/inverse.vhd
Error: ARG is too large in CONV_INTEGER
Time: 45 ns  Iteration: 2  Process: /inverse_tb/DUT/CONT_CALCULATION  File: C:/Users/l/Desktop/6463ADVHDes/code/project_4/project_4.srcs/sources_1/new/inverse.vhd
Error: ARG is too large in CONV_INTEGER
Time: 55 ns  Iteration: 2  Process: /inverse_tb/DUT/CONT_CALCULATION  File: C:/Users/l/Desktop/6463ADVHDes/code/project_4/project_4.srcs/sources_1/new/inverse.vhd
Error: ARG is too large in CONV_INTEGER
Time: 65 ns  Iteration: 2  Process: /inverse_tb/DUT/CONT_CALCULATION  File: C:/Users/l/Desktop/6463ADVHDes/code/project_4/project_4.srcs/sources_1/new/inverse.vhd
Error: ARG is too large in CONV_INTEGER
Time: 75 ns  Iteration: 2  Process: /inverse_tb/DUT/CONT_CALCULATION  File: C:/Users/l/Desktop/6463ADVHDes/code/project_4/project_4.srcs/sources_1/new/inverse.vhd
Error: ARG is too large in CONV_INTEGER
Time: 85 ns  Iteration: 2  Process: /inverse_tb/DUT/CONT_CALCULATION  File: C:/Users/l/Desktop/6463ADVHDes/code/project_4/project_4.srcs/sources_1/new/inverse.vhd
Error: ARG is too large in CONV_INTEGER
Time: 95 ns  Iteration: 2  Process: /inverse_tb/DUT/CONT_CALCULATION  File: C:/Users/l/Desktop/6463ADVHDes/code/project_4/project_4.srcs/sources_1/new/inverse.vhd
Error: ARG is too large in CONV_INTEGER
Time: 105 ns  Iteration: 2  Process: /inverse_tb/DUT/CONT_CALCULATION  File: C:/Users/l/Desktop/6463ADVHDes/code/project_4/project_4.srcs/sources_1/new/inverse.vhd
Error: ARG is too large in CONV_INTEGER
Time: 115 ns  Iteration: 2  Process: /inverse_tb/DUT/CONT_CALCULATION  File: C:/Users/l/Desktop/6463ADVHDes/code/project_4/project_4.srcs/sources_1/new/inverse.vhd
Error: ARG is too large in CONV_INTEGER
Time: 125 ns  Iteration: 2  Process: /inverse_tb/DUT/CONT_CALCULATION  File: C:/Users/l/Desktop/6463ADVHDes/code/project_4/project_4.srcs/sources_1/new/inverse.vhd
Error: ARG is too large in CONV_INTEGER
Time: 125 ns  Iteration: 5  Process: /inverse_tb/DUT/PLUS  File: C:/Users/l/Desktop/6463ADVHDes/code/project_4/project_4.srcs/sources_1/new/inverse.vhd
Error: ARG is too large in CONV_INTEGER
Time: 5 ns  Iteration: 2  Process: /inverse_tb/DUT/CONT_CALCULATION  File: C:/Users/l/Desktop/6463ADVHDes/code/project_4/project_4.srcs/sources_1/new/inverse.vhd
Error: ARG is too large in CONV_INTEGER
Time: 15 ns  Iteration: 2  Process: /inverse_tb/DUT/CONT_CALCULATION  File: C:/Users/l/Desktop/6463ADVHDes/code/project_4/project_4.srcs/sources_1/new/inverse.vhd
Error: ARG is too large in CONV_INTEGER
Time: 25 ns  Iteration: 2  Process: /inverse_tb/DUT/CONT_CALCULATION  File: C:/Users/l/Desktop/6463ADVHDes/code/project_4/project_4.srcs/sources_1/new/inverse.vhd
Error: ARG is too large in CONV_INTEGER
Time: 35 ns  Iteration: 2  Process: /inverse_tb/DUT/CONT_CALCULATION  File: C:/Users/l/Desktop/6463ADVHDes/code/project_4/project_4.srcs/sources_1/new/inverse.vhd
Error: ARG is too large in CONV_INTEGER
Time: 45 ns  Iteration: 2  Process: /inverse_tb/DUT/CONT_CALCULATION  File: C:/Users/l/Desktop/6463ADVHDes/code/project_4/project_4.srcs/sources_1/new/inverse.vhd
Error: ARG is too large in CONV_INTEGER
Time: 55 ns  Iteration: 2  Process: /inverse_tb/DUT/CONT_CALCULATION  File: C:/Users/l/Desktop/6463ADVHDes/code/project_4/project_4.srcs/sources_1/new/inverse.vhd
Error: ARG is too large in CONV_INTEGER
Time: 65 ns  Iteration: 2  Process: /inverse_tb/DUT/CONT_CALCULATION  File: C:/Users/l/Desktop/6463ADVHDes/code/project_4/project_4.srcs/sources_1/new/inverse.vhd
Error: ARG is too large in CONV_INTEGER
Time: 75 ns  Iteration: 2  Process: /inverse_tb/DUT/CONT_CALCULATION  File: C:/Users/l/Desktop/6463ADVHDes/code/project_4/project_4.srcs/sources_1/new/inverse.vhd
Error: ARG is too large in CONV_INTEGER
Time: 85 ns  Iteration: 2  Process: /inverse_tb/DUT/CONT_CALCULATION  File: C:/Users/l/Desktop/6463ADVHDes/code/project_4/project_4.srcs/sources_1/new/inverse.vhd
Error: ARG is too large in CONV_INTEGER
Time: 95 ns  Iteration: 2  Process: /inverse_tb/DUT/CONT_CALCULATION  File: C:/Users/l/Desktop/6463ADVHDes/code/project_4/project_4.srcs/sources_1/new/inverse.vhd
Error: ARG is too large in CONV_INTEGER
Time: 105 ns  Iteration: 2  Process: /inverse_tb/DUT/CONT_CALCULATION  File: C:/Users/l/Desktop/6463ADVHDes/code/project_4/project_4.srcs/sources_1/new/inverse.vhd
Error: ARG is too large in CONV_INTEGER
Time: 115 ns  Iteration: 2  Process: /inverse_tb/DUT/CONT_CALCULATION  File: C:/Users/l/Desktop/6463ADVHDes/code/project_4/project_4.srcs/sources_1/new/inverse.vhd
Error: ARG is too large in CONV_INTEGER
Time: 125 ns  Iteration: 2  Process: /inverse_tb/DUT/CONT_CALCULATION  File: C:/Users/l/Desktop/6463ADVHDes/code/project_4/project_4.srcs/sources_1/new/inverse.vhd
Error: ARG is too large in CONV_INTEGER
Time: 125 ns  Iteration: 5  Process: /inverse_tb/DUT/PLUS  File: C:/Users/l/Desktop/6463ADVHDes/code/project_4/project_4.srcs/sources_1/new/inverse.vhd
